
**** Build of configuration Debug for project SwitchInterrupt ****

"C:\\ti\\ccs1110\\ccs\\utils\\bin\\gmake" -k -j 8 all -O 
 
Building file: "../InterruptsMain.c"
Invoking: ARM Compiler
"C:/ti/ccs1110/ccs/tools/compiler/ti-cgt-arm_20.2.5.LTS/bin/armcl" -mv7M4 --code_state=16 --float_support=FPv4SPD16 -me --include_path="C:/ti/ccs1110/ccs/ccs_base/arm/include" --include_path="C:/ti/ccs1110/ccs/ccs_base/arm/include/CMSIS" --include_path="C:/Users/Student/workspace_v11/SwitchInterrupt" --include_path="C:/ti/ccs1110/ccs/tools/compiler/ti-cgt-arm_20.2.5.LTS/include" --advice:power=all --define=__MSP432P401R__ --define=ccs -g --gcc --diag_warning=225 --diag_wrap=off --display_error_number --abi=eabi --preproc_with_compile --preproc_dependency="InterruptsMain.d_raw"  "../InterruptsMain.c"
 
>> Compilation failure
subdir_rules.mk:9: recipe for target 'InterruptsMain.obj' failed
"../InterruptsMain.c", line 28: error #20: identifier "read" is undefined
"../InterruptsMain.c", line 72: remark #1527-D: (ULP 2.1) Detected SW delay loop using empty loop. Recommend using a timer module instead
1 error detected in the compilation of "../InterruptsMain.c".
gmake: *** [InterruptsMain.obj] Error 1
Building file: "../Bump.c"
Invoking: ARM Compiler
"C:/ti/ccs1110/ccs/tools/compiler/ti-cgt-arm_20.2.5.LTS/bin/armcl" -mv7M4 --code_state=16 --float_support=FPv4SPD16 -me --include_path="C:/ti/ccs1110/ccs/ccs_base/arm/include" --include_path="C:/ti/ccs1110/ccs/ccs_base/arm/include/CMSIS" --include_path="C:/Users/Student/workspace_v11/SwitchInterrupt" --include_path="C:/ti/ccs1110/ccs/tools/compiler/ti-cgt-arm_20.2.5.LTS/include" --advice:power=all --define=__MSP432P401R__ --define=ccs -g --gcc --diag_warning=225 --diag_wrap=off --display_error_number --abi=eabi --preproc_with_compile --preproc_dependency="Bump.d_raw"  "../Bump.c"
 
>> Compilation failure
subdir_rules.mk:9: recipe for target 'Bump.obj' failed
"../Bump.c", line 79: error #20: identifier "FSM" is undefined
1 error detected in the compilation of "../Bump.c".
gmake: *** [Bump.obj] Error 1
gmake: Target 'all' not remade because of errors.

**** Build Finished ****
